2018-07-03 00:36:10 - Starting Principal on Andres.local with PID 73514 (/Users/andremarllus/Documents/POS/AULA_UNIPE/testeUNIPE/target/classes started by andremarllus in /Users/andremarllus/Documents/POS/AULA_UNIPE/testeUNIPE)
2018-07-03 00:36:10 - No active profile set, falling back to default profiles: default
2018-07-03 00:36:11 - Refreshing org.springframework.boot.web.servlet.context.AnnotationConfigServletWebServerApplicationContext@1d8f6b18: startup date [Tue Jul 03 00:36:11 BRT 2018]; root of context hierarchy
2018-07-03 00:36:13 - Tomcat initialized with port(s): 8080 (http)
2018-07-03 00:36:13 - Servlet dispatcherServlet mapped to [/]
2018-07-03 00:36:13 - Mapping filter: 'characterEncodingFilter' to: [/*]
2018-07-03 00:36:13 - Mapping filter: 'hiddenHttpMethodFilter' to: [/*]
2018-07-03 00:36:13 - Mapping filter: 'httpPutFormContentFilter' to: [/*]
2018-07-03 00:36:13 - Mapping filter: 'requestContextFilter' to: [/*]
2018-07-03 00:36:15 - Adding welcome page: class path resource [static/index.html]
2018-07-03 00:36:15 - LiveReload server is running on port 35729
2018-07-03 00:36:15 - Tomcat started on port(s): 8080 (http) with context path ''
2018-07-03 00:36:15 - Started Principal in 5.964 seconds (JVM running for 6.801)
2018-07-03 00:36:15 - 
----------------------------------------------------------
	aulaUNIPE está rodando! Acesse uma das URLs:
	IP do ELK: 	0
	Porta do ELK: 	0
	Ip do Banco: 	null
	Local: 		http://localhost:8080/
	Externa: 	http://192.168.1.33:8080/
----------------------------------------------------------
2018-07-03 00:37:05 - Servlet.service() for servlet [dispatcherServlet] in context with path [] threw exception [Request processing failed; nested exception is java.lang.Exception: Example com nome andre já existe] with root cause
java.lang.Exception: Example com nome andre já existe
	at br.com.unipe.service.ExampleService.cadastrar(ExampleService.java:20)
	at br.com.unipe.web.ExampleResource.cadastro(ExampleResource.java:32)
	at sun.reflect.NativeMethodAccessorImpl.invoke0(Native Method)
	at sun.reflect.NativeMethodAccessorImpl.invoke(NativeMethodAccessorImpl.java:62)
	at sun.reflect.DelegatingMethodAccessorImpl.invoke(DelegatingMethodAccessorImpl.java:43)
	at java.lang.reflect.Method.invoke(Method.java:498)
	at org.springframework.web.method.support.InvocableHandlerMethod.doInvoke(InvocableHandlerMethod.java:209)
	at org.springframework.web.method.support.InvocableHandlerMethod.invokeForRequest(InvocableHandlerMethod.java:136)
	at org.springframework.web.servlet.mvc.method.annotation.ServletInvocableHandlerMethod.invokeAndHandle(ServletInvocableHandlerMethod.java:102)
	at org.springframework.web.servlet.mvc.method.annotation.RequestMappingHandlerAdapter.invokeHandlerMethod(RequestMappingHandlerAdapter.java:870)
	at org.springframework.web.servlet.mvc.method.annotation.RequestMappingHandlerAdapter.handleInternal(RequestMappingHandlerAdapter.java:776)
	at org.springframework.web.servlet.mvc.method.AbstractHandlerMethodAdapter.handle(AbstractHandlerMethodAdapter.java:87)
	at org.springframework.web.servlet.DispatcherServlet.doDispatch(DispatcherServlet.java:991)
	at org.springframework.web.servlet.DispatcherServlet.doService(DispatcherServlet.java:925)
	at org.springframework.web.servlet.FrameworkServlet.processRequest(FrameworkServlet.java:978)
	at org.springframework.web.servlet.FrameworkServlet.doPost(FrameworkServlet.java:881)
	at javax.servlet.http.HttpServlet.service(HttpServlet.java:661)
	at org.springframework.web.servlet.FrameworkServlet.service(FrameworkServlet.java:855)
	at javax.servlet.http.HttpServlet.service(HttpServlet.java:742)
	at org.apache.catalina.core.ApplicationFilterChain.internalDoFilter(ApplicationFilterChain.java:231)
	at org.apache.catalina.core.ApplicationFilterChain.doFilter(ApplicationFilterChain.java:166)
	at org.apache.tomcat.websocket.server.WsFilter.doFilter(WsFilter.java:52)
	at org.apache.catalina.core.ApplicationFilterChain.internalDoFilter(ApplicationFilterChain.java:193)
	at org.apache.catalina.core.ApplicationFilterChain.doFilter(ApplicationFilterChain.java:166)
	at org.springframework.web.filter.RequestContextFilter.doFilterInternal(RequestContextFilter.java:99)
	at org.springframework.web.filter.OncePerRequestFilter.doFilter(OncePerRequestFilter.java:107)
	at org.apache.catalina.core.ApplicationFilterChain.internalDoFilter(ApplicationFilterChain.java:193)
	at org.apache.catalina.core.ApplicationFilterChain.doFilter(ApplicationFilterChain.java:166)
	at org.springframework.web.filter.HttpPutFormContentFilter.doFilterInternal(HttpPutFormContentFilter.java:109)
	at org.springframework.web.filter.OncePerRequestFilter.doFilter(OncePerRequestFilter.java:107)
	at org.apache.catalina.core.ApplicationFilterChain.internalDoFilter(ApplicationFilterChain.java:193)
	at org.apache.catalina.core.ApplicationFilterChain.doFilter(ApplicationFilterChain.java:166)
	at org.springframework.web.filter.HiddenHttpMethodFilter.doFilterInternal(HiddenHttpMethodFilter.java:81)
	at org.springframework.web.filter.OncePerRequestFilter.doFilter(OncePerRequestFilter.java:107)
	at org.apache.catalina.core.ApplicationFilterChain.internalDoFilter(ApplicationFilterChain.java:193)
	at org.apache.catalina.core.ApplicationFilterChain.doFilter(ApplicationFilterChain.java:166)
	at org.springframework.web.filter.CharacterEncodingFilter.doFilterInternal(CharacterEncodingFilter.java:200)
	at org.springframework.web.filter.OncePerRequestFilter.doFilter(OncePerRequestFilter.java:107)
	at org.apache.catalina.core.ApplicationFilterChain.internalDoFilter(ApplicationFilterChain.java:193)
	at org.apache.catalina.core.ApplicationFilterChain.doFilter(ApplicationFilterChain.java:166)
	at org.apache.catalina.core.StandardWrapperValve.invoke(StandardWrapperValve.java:199)
	at org.apache.catalina.core.StandardContextValve.invoke(StandardContextValve.java:96)
	at org.apache.catalina.authenticator.AuthenticatorBase.invoke(AuthenticatorBase.java:496)
	at org.apache.catalina.core.StandardHostValve.invoke(StandardHostValve.java:140)
	at org.apache.catalina.valves.ErrorReportValve.invoke(ErrorReportValve.java:81)
	at org.apache.catalina.core.StandardEngineValve.invoke(StandardEngineValve.java:87)
	at org.apache.catalina.connector.CoyoteAdapter.service(CoyoteAdapter.java:342)
	at org.apache.coyote.http11.Http11Processor.service(Http11Processor.java:803)
	at org.apache.coyote.AbstractProcessorLight.process(AbstractProcessorLight.java:66)
	at org.apache.coyote.AbstractProtocol$ConnectionHandler.process(AbstractProtocol.java:790)
	at org.apache.tomcat.util.net.NioEndpoint$SocketProcessor.doRun(NioEndpoint.java:1459)
	at org.apache.tomcat.util.net.SocketProcessorBase.run(SocketProcessorBase.java:49)
	at java.util.concurrent.ThreadPoolExecutor.runWorker(ThreadPoolExecutor.java:1142)
	at java.util.concurrent.ThreadPoolExecutor$Worker.run(ThreadPoolExecutor.java:617)
	at org.apache.tomcat.util.threads.TaskThread$WrappingRunnable.run(TaskThread.java:61)
	at java.lang.Thread.run(Thread.java:745)
2018-07-03 00:37:12 - Closing org.springframework.boot.web.servlet.context.AnnotationConfigServletWebServerApplicationContext@1d8f6b18: startup date [Tue Jul 03 00:36:11 BRT 2018]; root of context hierarchy
2018-07-03 00:38:19 - Starting Principal on Andres.local with PID 73563 (/Users/andremarllus/Documents/POS/AULA_UNIPE/testeUNIPE/target/classes started by andremarllus in /Users/andremarllus/Documents/POS/AULA_UNIPE/testeUNIPE)
2018-07-03 00:38:19 - No active profile set, falling back to default profiles: default
2018-07-03 00:38:19 - Refreshing org.springframework.boot.web.servlet.context.AnnotationConfigServletWebServerApplicationContext@6e3a03b5: startup date [Tue Jul 03 00:38:19 BRT 2018]; root of context hierarchy
2018-07-03 00:38:21 - Tomcat initialized with port(s): 8080 (http)
2018-07-03 00:38:22 - Servlet dispatcherServlet mapped to [/]
2018-07-03 00:38:22 - Mapping filter: 'characterEncodingFilter' to: [/*]
2018-07-03 00:38:22 - Mapping filter: 'hiddenHttpMethodFilter' to: [/*]
2018-07-03 00:38:22 - Mapping filter: 'httpPutFormContentFilter' to: [/*]
2018-07-03 00:38:22 - Mapping filter: 'requestContextFilter' to: [/*]
2018-07-03 00:38:23 - Adding welcome page: class path resource [static/index.html]
2018-07-03 00:38:23 - LiveReload server is running on port 35729
2018-07-03 00:38:24 - Tomcat started on port(s): 8080 (http) with context path ''
2018-07-03 00:38:24 - Started Principal in 5.797 seconds (JVM running for 6.42)
2018-07-03 00:38:24 - 
----------------------------------------------------------
	aulaUNIPE está rodando! Acesse uma das URLs:
	IP do ELK: 	0
	Porta do ELK: 	0
	Ip do Banco: 	null
	Local: 		http://localhost:8080/
	Externa: 	http://192.168.1.33:8080/
----------------------------------------------------------
2018-07-03 00:38:34 - Servlet.service() for servlet [dispatcherServlet] in context with path [] threw exception [Request processing failed; nested exception is java.lang.Exception: Example com nome andre já existe] with root cause
java.lang.Exception: Example com nome andre já existe
	at br.com.unipe.service.ExampleService.cadastrar(ExampleService.java:20)
	at br.com.unipe.web.ExampleResource.cadastro(ExampleResource.java:32)
	at sun.reflect.NativeMethodAccessorImpl.invoke0(Native Method)
	at sun.reflect.NativeMethodAccessorImpl.invoke(NativeMethodAccessorImpl.java:62)
	at sun.reflect.DelegatingMethodAccessorImpl.invoke(DelegatingMethodAccessorImpl.java:43)
	at java.lang.reflect.Method.invoke(Method.java:498)
	at org.springframework.web.method.support.InvocableHandlerMethod.doInvoke(InvocableHandlerMethod.java:209)
	at org.springframework.web.method.support.InvocableHandlerMethod.invokeForRequest(InvocableHandlerMethod.java:136)
	at org.springframework.web.servlet.mvc.method.annotation.ServletInvocableHandlerMethod.invokeAndHandle(ServletInvocableHandlerMethod.java:102)
	at org.springframework.web.servlet.mvc.method.annotation.RequestMappingHandlerAdapter.invokeHandlerMethod(RequestMappingHandlerAdapter.java:870)
	at org.springframework.web.servlet.mvc.method.annotation.RequestMappingHandlerAdapter.handleInternal(RequestMappingHandlerAdapter.java:776)
	at org.springframework.web.servlet.mvc.method.AbstractHandlerMethodAdapter.handle(AbstractHandlerMethodAdapter.java:87)
	at org.springframework.web.servlet.DispatcherServlet.doDispatch(DispatcherServlet.java:991)
	at org.springframework.web.servlet.DispatcherServlet.doService(DispatcherServlet.java:925)
	at org.springframework.web.servlet.FrameworkServlet.processRequest(FrameworkServlet.java:978)
	at org.springframework.web.servlet.FrameworkServlet.doPost(FrameworkServlet.java:881)
	at javax.servlet.http.HttpServlet.service(HttpServlet.java:661)
	at org.springframework.web.servlet.FrameworkServlet.service(FrameworkServlet.java:855)
	at javax.servlet.http.HttpServlet.service(HttpServlet.java:742)
	at org.apache.catalina.core.ApplicationFilterChain.internalDoFilter(ApplicationFilterChain.java:231)
	at org.apache.catalina.core.ApplicationFilterChain.doFilter(ApplicationFilterChain.java:166)
	at org.apache.tomcat.websocket.server.WsFilter.doFilter(WsFilter.java:52)
	at org.apache.catalina.core.ApplicationFilterChain.internalDoFilter(ApplicationFilterChain.java:193)
	at org.apache.catalina.core.ApplicationFilterChain.doFilter(ApplicationFilterChain.java:166)
	at org.springframework.web.filter.RequestContextFilter.doFilterInternal(RequestContextFilter.java:99)
	at org.springframework.web.filter.OncePerRequestFilter.doFilter(OncePerRequestFilter.java:107)
	at org.apache.catalina.core.ApplicationFilterChain.internalDoFilter(ApplicationFilterChain.java:193)
	at org.apache.catalina.core.ApplicationFilterChain.doFilter(ApplicationFilterChain.java:166)
	at org.springframework.web.filter.HttpPutFormContentFilter.doFilterInternal(HttpPutFormContentFilter.java:109)
	at org.springframework.web.filter.OncePerRequestFilter.doFilter(OncePerRequestFilter.java:107)
	at org.apache.catalina.core.ApplicationFilterChain.internalDoFilter(ApplicationFilterChain.java:193)
	at org.apache.catalina.core.ApplicationFilterChain.doFilter(ApplicationFilterChain.java:166)
	at org.springframework.web.filter.HiddenHttpMethodFilter.doFilterInternal(HiddenHttpMethodFilter.java:81)
	at org.springframework.web.filter.OncePerRequestFilter.doFilter(OncePerRequestFilter.java:107)
	at org.apache.catalina.core.ApplicationFilterChain.internalDoFilter(ApplicationFilterChain.java:193)
	at org.apache.catalina.core.ApplicationFilterChain.doFilter(ApplicationFilterChain.java:166)
	at org.springframework.web.filter.CharacterEncodingFilter.doFilterInternal(CharacterEncodingFilter.java:200)
	at org.springframework.web.filter.OncePerRequestFilter.doFilter(OncePerRequestFilter.java:107)
	at org.apache.catalina.core.ApplicationFilterChain.internalDoFilter(ApplicationFilterChain.java:193)
	at org.apache.catalina.core.ApplicationFilterChain.doFilter(ApplicationFilterChain.java:166)
	at org.apache.catalina.core.StandardWrapperValve.invoke(StandardWrapperValve.java:199)
	at org.apache.catalina.core.StandardContextValve.invoke(StandardContextValve.java:96)
	at org.apache.catalina.authenticator.AuthenticatorBase.invoke(AuthenticatorBase.java:496)
	at org.apache.catalina.core.StandardHostValve.invoke(StandardHostValve.java:140)
	at org.apache.catalina.valves.ErrorReportValve.invoke(ErrorReportValve.java:81)
	at org.apache.catalina.core.StandardEngineValve.invoke(StandardEngineValve.java:87)
	at org.apache.catalina.connector.CoyoteAdapter.service(CoyoteAdapter.java:342)
	at org.apache.coyote.http11.Http11Processor.service(Http11Processor.java:803)
	at org.apache.coyote.AbstractProcessorLight.process(AbstractProcessorLight.java:66)
	at org.apache.coyote.AbstractProtocol$ConnectionHandler.process(AbstractProtocol.java:790)
	at org.apache.tomcat.util.net.NioEndpoint$SocketProcessor.doRun(NioEndpoint.java:1459)
	at org.apache.tomcat.util.net.SocketProcessorBase.run(SocketProcessorBase.java:49)
	at java.util.concurrent.ThreadPoolExecutor.runWorker(ThreadPoolExecutor.java:1142)
	at java.util.concurrent.ThreadPoolExecutor$Worker.run(ThreadPoolExecutor.java:617)
	at org.apache.tomcat.util.threads.TaskThread$WrappingRunnable.run(TaskThread.java:61)
	at java.lang.Thread.run(Thread.java:745)
2018-07-03 00:38:43 - Closing org.springframework.boot.web.servlet.context.AnnotationConfigServletWebServerApplicationContext@6e3a03b5: startup date [Tue Jul 03 00:38:19 BRT 2018]; root of context hierarchy
2018-07-03 00:38:50 - Starting Principal on Andres.local with PID 73577 (/Users/andremarllus/Documents/POS/AULA_UNIPE/testeUNIPE/target/classes started by andremarllus in /Users/andremarllus/Documents/POS/AULA_UNIPE/testeUNIPE)
2018-07-03 00:38:50 - No active profile set, falling back to default profiles: default
2018-07-03 00:38:50 - Refreshing org.springframework.boot.web.servlet.context.AnnotationConfigServletWebServerApplicationContext@5ab62db4: startup date [Tue Jul 03 00:38:50 BRT 2018]; root of context hierarchy
2018-07-03 00:38:52 - Tomcat initialized with port(s): 8080 (http)
2018-07-03 00:38:53 - Servlet dispatcherServlet mapped to [/]
2018-07-03 00:38:53 - Mapping filter: 'characterEncodingFilter' to: [/*]
2018-07-03 00:38:53 - Mapping filter: 'hiddenHttpMethodFilter' to: [/*]
2018-07-03 00:38:53 - Mapping filter: 'httpPutFormContentFilter' to: [/*]
2018-07-03 00:38:53 - Mapping filter: 'requestContextFilter' to: [/*]
2018-07-03 00:38:54 - Adding welcome page: class path resource [static/index.html]
2018-07-03 00:38:55 - LiveReload server is running on port 35729
2018-07-03 00:38:55 - Tomcat started on port(s): 8080 (http) with context path ''
2018-07-03 00:38:55 - Started Principal in 6.901 seconds (JVM running for 8.012)
2018-07-03 00:38:55 - 
----------------------------------------------------------
	aulaUNIPE está rodando! Acesse uma das URLs:
	IP do ELK: 	0
	Porta do ELK: 	0
	Ip do Banco: 	null
	Local: 		http://localhost:8080/
	Externa: 	http://192.168.1.33:8080/
----------------------------------------------------------
2018-07-03 00:39:24 - Starting Principal on Andres.local with PID 73590 (/Users/andremarllus/Documents/POS/AULA_UNIPE/testeUNIPE/target/classes started by andremarllus in /Users/andremarllus/Documents/POS/AULA_UNIPE/testeUNIPE)
2018-07-03 00:39:24 - No active profile set, falling back to default profiles: default
2018-07-03 00:39:24 - Refreshing org.springframework.boot.web.servlet.context.AnnotationConfigServletWebServerApplicationContext@3d034d71: startup date [Tue Jul 03 00:39:24 BRT 2018]; root of context hierarchy
2018-07-03 00:39:26 - Tomcat initialized with port(s): 8080 (http)
2018-07-03 00:39:27 - Servlet dispatcherServlet mapped to [/]
2018-07-03 00:39:27 - Mapping filter: 'characterEncodingFilter' to: [/*]
2018-07-03 00:39:27 - Mapping filter: 'hiddenHttpMethodFilter' to: [/*]
2018-07-03 00:39:27 - Mapping filter: 'httpPutFormContentFilter' to: [/*]
2018-07-03 00:39:27 - Mapping filter: 'requestContextFilter' to: [/*]
2018-07-03 00:39:28 - Adding welcome page: class path resource [static/index.html]
2018-07-03 00:39:28 - LiveReload server is running on port 35729
2018-07-03 00:39:29 - Tomcat started on port(s): 8080 (http) with context path ''
2018-07-03 00:39:29 - Started Principal in 5.482 seconds (JVM running for 6.074)
2018-07-03 00:39:29 - 
----------------------------------------------------------
	aulaUNIPE está rodando! Acesse uma das URLs:
	IP do ELK: 	0
	Porta do ELK: 	0
	Ip do Banco: 	null
	Local: 		http://localhost:8080/
	Externa: 	http://192.168.1.33:8080/
----------------------------------------------------------
2018-07-03 00:41:42 - Closing org.springframework.boot.web.servlet.context.AnnotationConfigServletWebServerApplicationContext@3d034d71: startup date [Tue Jul 03 00:39:24 BRT 2018]; root of context hierarchy
2018-07-03 00:41:46 - Starting Principal on Andres.local with PID 73662 (/Users/andremarllus/Documents/POS/AULA_UNIPE/testeUNIPE/target/classes started by andremarllus in /Users/andremarllus/Documents/POS/AULA_UNIPE/testeUNIPE)
2018-07-03 00:41:46 - No active profile set, falling back to default profiles: default
2018-07-03 00:41:46 - Refreshing org.springframework.boot.web.servlet.context.AnnotationConfigServletWebServerApplicationContext@f4c150: startup date [Tue Jul 03 00:41:46 BRT 2018]; root of context hierarchy
2018-07-03 00:41:48 - Tomcat initialized with port(s): 8080 (http)
2018-07-03 00:41:48 - Servlet dispatcherServlet mapped to [/]
2018-07-03 00:41:48 - Mapping filter: 'characterEncodingFilter' to: [/*]
2018-07-03 00:41:48 - Mapping filter: 'hiddenHttpMethodFilter' to: [/*]
2018-07-03 00:41:48 - Mapping filter: 'httpPutFormContentFilter' to: [/*]
2018-07-03 00:41:48 - Mapping filter: 'requestContextFilter' to: [/*]
2018-07-03 00:41:50 - Adding welcome page: class path resource [static/index.html]
2018-07-03 00:41:50 - LiveReload server is running on port 35729
2018-07-03 00:41:50 - Tomcat started on port(s): 8080 (http) with context path ''
2018-07-03 00:41:50 - Started Principal in 5.61 seconds (JVM running for 6.326)
2018-07-03 00:41:50 - 
----------------------------------------------------------
	aulaUNIPE está rodando! Acesse uma das URLs:
	IP do ELK: 	0
	Porta do ELK: 	0
	Ip do Banco: 	null
	Local: 		http://localhost:8080/
	Externa: 	http://192.168.1.33:8080/
----------------------------------------------------------
2018-07-03 00:42:00 - Servlet.service() for servlet [dispatcherServlet] in context with path [] threw exception [Request processing failed; nested exception is java.lang.Exception: Example com nome andre já existe] with root cause
java.lang.Exception: Example com nome andre já existe
	at br.com.unipe.service.ExampleService.cadastrar(ExampleService.java:22)
	at br.com.unipe.web.ExampleResource.cadastro(ExampleResource.java:32)
	at sun.reflect.NativeMethodAccessorImpl.invoke0(Native Method)
	at sun.reflect.NativeMethodAccessorImpl.invoke(NativeMethodAccessorImpl.java:62)
	at sun.reflect.DelegatingMethodAccessorImpl.invoke(DelegatingMethodAccessorImpl.java:43)
	at java.lang.reflect.Method.invoke(Method.java:498)
	at org.springframework.web.method.support.InvocableHandlerMethod.doInvoke(InvocableHandlerMethod.java:209)
	at org.springframework.web.method.support.InvocableHandlerMethod.invokeForRequest(InvocableHandlerMethod.java:136)
	at org.springframework.web.servlet.mvc.method.annotation.ServletInvocableHandlerMethod.invokeAndHandle(ServletInvocableHandlerMethod.java:102)
	at org.springframework.web.servlet.mvc.method.annotation.RequestMappingHandlerAdapter.invokeHandlerMethod(RequestMappingHandlerAdapter.java:870)
	at org.springframework.web.servlet.mvc.method.annotation.RequestMappingHandlerAdapter.handleInternal(RequestMappingHandlerAdapter.java:776)
	at org.springframework.web.servlet.mvc.method.AbstractHandlerMethodAdapter.handle(AbstractHandlerMethodAdapter.java:87)
	at org.springframework.web.servlet.DispatcherServlet.doDispatch(DispatcherServlet.java:991)
	at org.springframework.web.servlet.DispatcherServlet.doService(DispatcherServlet.java:925)
	at org.springframework.web.servlet.FrameworkServlet.processRequest(FrameworkServlet.java:978)
	at org.springframework.web.servlet.FrameworkServlet.doPost(FrameworkServlet.java:881)
	at javax.servlet.http.HttpServlet.service(HttpServlet.java:661)
	at org.springframework.web.servlet.FrameworkServlet.service(FrameworkServlet.java:855)
	at javax.servlet.http.HttpServlet.service(HttpServlet.java:742)
	at org.apache.catalina.core.ApplicationFilterChain.internalDoFilter(ApplicationFilterChain.java:231)
	at org.apache.catalina.core.ApplicationFilterChain.doFilter(ApplicationFilterChain.java:166)
	at org.apache.tomcat.websocket.server.WsFilter.doFilter(WsFilter.java:52)
	at org.apache.catalina.core.ApplicationFilterChain.internalDoFilter(ApplicationFilterChain.java:193)
	at org.apache.catalina.core.ApplicationFilterChain.doFilter(ApplicationFilterChain.java:166)
	at org.springframework.web.filter.RequestContextFilter.doFilterInternal(RequestContextFilter.java:99)
	at org.springframework.web.filter.OncePerRequestFilter.doFilter(OncePerRequestFilter.java:107)
	at org.apache.catalina.core.ApplicationFilterChain.internalDoFilter(ApplicationFilterChain.java:193)
	at org.apache.catalina.core.ApplicationFilterChain.doFilter(ApplicationFilterChain.java:166)
	at org.springframework.web.filter.HttpPutFormContentFilter.doFilterInternal(HttpPutFormContentFilter.java:109)
	at org.springframework.web.filter.OncePerRequestFilter.doFilter(OncePerRequestFilter.java:107)
	at org.apache.catalina.core.ApplicationFilterChain.internalDoFilter(ApplicationFilterChain.java:193)
	at org.apache.catalina.core.ApplicationFilterChain.doFilter(ApplicationFilterChain.java:166)
	at org.springframework.web.filter.HiddenHttpMethodFilter.doFilterInternal(HiddenHttpMethodFilter.java:81)
	at org.springframework.web.filter.OncePerRequestFilter.doFilter(OncePerRequestFilter.java:107)
	at org.apache.catalina.core.ApplicationFilterChain.internalDoFilter(ApplicationFilterChain.java:193)
	at org.apache.catalina.core.ApplicationFilterChain.doFilter(ApplicationFilterChain.java:166)
	at org.springframework.web.filter.CharacterEncodingFilter.doFilterInternal(CharacterEncodingFilter.java:200)
	at org.springframework.web.filter.OncePerRequestFilter.doFilter(OncePerRequestFilter.java:107)
	at org.apache.catalina.core.ApplicationFilterChain.internalDoFilter(ApplicationFilterChain.java:193)
	at org.apache.catalina.core.ApplicationFilterChain.doFilter(ApplicationFilterChain.java:166)
	at org.apache.catalina.core.StandardWrapperValve.invoke(StandardWrapperValve.java:199)
	at org.apache.catalina.core.StandardContextValve.invoke(StandardContextValve.java:96)
	at org.apache.catalina.authenticator.AuthenticatorBase.invoke(AuthenticatorBase.java:496)
	at org.apache.catalina.core.StandardHostValve.invoke(StandardHostValve.java:140)
	at org.apache.catalina.valves.ErrorReportValve.invoke(ErrorReportValve.java:81)
	at org.apache.catalina.core.StandardEngineValve.invoke(StandardEngineValve.java:87)
	at org.apache.catalina.connector.CoyoteAdapter.service(CoyoteAdapter.java:342)
	at org.apache.coyote.http11.Http11Processor.service(Http11Processor.java:803)
	at org.apache.coyote.AbstractProcessorLight.process(AbstractProcessorLight.java:66)
	at org.apache.coyote.AbstractProtocol$ConnectionHandler.process(AbstractProtocol.java:790)
	at org.apache.tomcat.util.net.NioEndpoint$SocketProcessor.doRun(NioEndpoint.java:1459)
	at org.apache.tomcat.util.net.SocketProcessorBase.run(SocketProcessorBase.java:49)
	at java.util.concurrent.ThreadPoolExecutor.runWorker(ThreadPoolExecutor.java:1142)
	at java.util.concurrent.ThreadPoolExecutor$Worker.run(ThreadPoolExecutor.java:617)
	at org.apache.tomcat.util.threads.TaskThread$WrappingRunnable.run(TaskThread.java:61)
	at java.lang.Thread.run(Thread.java:745)
2018-07-03 00:44:00 - Closing org.springframework.boot.web.servlet.context.AnnotationConfigServletWebServerApplicationContext@f4c150: startup date [Tue Jul 03 00:41:46 BRT 2018]; root of context hierarchy
2018-07-03 00:44:04 - Starting Principal on Andres.local with PID 73714 (/Users/andremarllus/Documents/POS/AULA_UNIPE/testeUNIPE/target/classes started by andremarllus in /Users/andremarllus/Documents/POS/AULA_UNIPE/testeUNIPE)
2018-07-03 00:44:04 - No active profile set, falling back to default profiles: default
2018-07-03 00:44:04 - Refreshing org.springframework.boot.web.servlet.context.AnnotationConfigServletWebServerApplicationContext@70f764bb: startup date [Tue Jul 03 00:44:04 BRT 2018]; root of context hierarchy
2018-07-03 00:44:06 - Tomcat initialized with port(s): 8080 (http)
2018-07-03 00:44:07 - Servlet dispatcherServlet mapped to [/]
2018-07-03 00:44:07 - Mapping filter: 'characterEncodingFilter' to: [/*]
2018-07-03 00:44:07 - Mapping filter: 'hiddenHttpMethodFilter' to: [/*]
2018-07-03 00:44:07 - Mapping filter: 'httpPutFormContentFilter' to: [/*]
2018-07-03 00:44:07 - Mapping filter: 'requestContextFilter' to: [/*]
2018-07-03 00:44:08 - Adding welcome page: class path resource [static/index.html]
2018-07-03 00:44:08 - LiveReload server is running on port 35729
2018-07-03 00:44:09 - Tomcat started on port(s): 8080 (http) with context path ''
2018-07-03 00:44:09 - Started Principal in 5.631 seconds (JVM running for 6.306)
2018-07-03 00:44:09 - 
----------------------------------------------------------
	aulaUNIPE está rodando! Acesse uma das URLs:
	IP do ELK: 	0
	Porta do ELK: 	0
	Ip do Banco: 	null
	Local: 		http://localhost:8080/
	Externa: 	http://192.168.1.33:8080/
----------------------------------------------------------
2018-07-03 00:44:38 - Servlet.service() for servlet [dispatcherServlet] in context with path [] threw exception [Request processing failed; nested exception is java.lang.Exception: Example com nome string já existe] with root cause
java.lang.Exception: Example com nome string já existe
	at br.com.unipe.service.ExampleService.cadastrar(ExampleService.java:22)
	at br.com.unipe.web.ExampleResource.cadastro(ExampleResource.java:32)
	at sun.reflect.NativeMethodAccessorImpl.invoke0(Native Method)
	at sun.reflect.NativeMethodAccessorImpl.invoke(NativeMethodAccessorImpl.java:62)
	at sun.reflect.DelegatingMethodAccessorImpl.invoke(DelegatingMethodAccessorImpl.java:43)
	at java.lang.reflect.Method.invoke(Method.java:498)
	at org.springframework.web.method.support.InvocableHandlerMethod.doInvoke(InvocableHandlerMethod.java:209)
	at org.springframework.web.method.support.InvocableHandlerMethod.invokeForRequest(InvocableHandlerMethod.java:136)
	at org.springframework.web.servlet.mvc.method.annotation.ServletInvocableHandlerMethod.invokeAndHandle(ServletInvocableHandlerMethod.java:102)
	at org.springframework.web.servlet.mvc.method.annotation.RequestMappingHandlerAdapter.invokeHandlerMethod(RequestMappingHandlerAdapter.java:870)
	at org.springframework.web.servlet.mvc.method.annotation.RequestMappingHandlerAdapter.handleInternal(RequestMappingHandlerAdapter.java:776)
	at org.springframework.web.servlet.mvc.method.AbstractHandlerMethodAdapter.handle(AbstractHandlerMethodAdapter.java:87)
	at org.springframework.web.servlet.DispatcherServlet.doDispatch(DispatcherServlet.java:991)
	at org.springframework.web.servlet.DispatcherServlet.doService(DispatcherServlet.java:925)
	at org.springframework.web.servlet.FrameworkServlet.processRequest(FrameworkServlet.java:978)
	at org.springframework.web.servlet.FrameworkServlet.doPost(FrameworkServlet.java:881)
	at javax.servlet.http.HttpServlet.service(HttpServlet.java:661)
	at org.springframework.web.servlet.FrameworkServlet.service(FrameworkServlet.java:855)
	at javax.servlet.http.HttpServlet.service(HttpServlet.java:742)
	at org.apache.catalina.core.ApplicationFilterChain.internalDoFilter(ApplicationFilterChain.java:231)
	at org.apache.catalina.core.ApplicationFilterChain.doFilter(ApplicationFilterChain.java:166)
	at org.apache.tomcat.websocket.server.WsFilter.doFilter(WsFilter.java:52)
	at org.apache.catalina.core.ApplicationFilterChain.internalDoFilter(ApplicationFilterChain.java:193)
	at org.apache.catalina.core.ApplicationFilterChain.doFilter(ApplicationFilterChain.java:166)
	at org.springframework.web.filter.RequestContextFilter.doFilterInternal(RequestContextFilter.java:99)
	at org.springframework.web.filter.OncePerRequestFilter.doFilter(OncePerRequestFilter.java:107)
	at org.apache.catalina.core.ApplicationFilterChain.internalDoFilter(ApplicationFilterChain.java:193)
	at org.apache.catalina.core.ApplicationFilterChain.doFilter(ApplicationFilterChain.java:166)
	at org.springframework.web.filter.HttpPutFormContentFilter.doFilterInternal(HttpPutFormContentFilter.java:109)
	at org.springframework.web.filter.OncePerRequestFilter.doFilter(OncePerRequestFilter.java:107)
	at org.apache.catalina.core.ApplicationFilterChain.internalDoFilter(ApplicationFilterChain.java:193)
	at org.apache.catalina.core.ApplicationFilterChain.doFilter(ApplicationFilterChain.java:166)
	at org.springframework.web.filter.HiddenHttpMethodFilter.doFilterInternal(HiddenHttpMethodFilter.java:81)
	at org.springframework.web.filter.OncePerRequestFilter.doFilter(OncePerRequestFilter.java:107)
	at org.apache.catalina.core.ApplicationFilterChain.internalDoFilter(ApplicationFilterChain.java:193)
	at org.apache.catalina.core.ApplicationFilterChain.doFilter(ApplicationFilterChain.java:166)
	at org.springframework.web.filter.CharacterEncodingFilter.doFilterInternal(CharacterEncodingFilter.java:200)
	at org.springframework.web.filter.OncePerRequestFilter.doFilter(OncePerRequestFilter.java:107)
	at org.apache.catalina.core.ApplicationFilterChain.internalDoFilter(ApplicationFilterChain.java:193)
	at org.apache.catalina.core.ApplicationFilterChain.doFilter(ApplicationFilterChain.java:166)
	at org.apache.catalina.core.StandardWrapperValve.invoke(StandardWrapperValve.java:199)
	at org.apache.catalina.core.StandardContextValve.invoke(StandardContextValve.java:96)
	at org.apache.catalina.authenticator.AuthenticatorBase.invoke(AuthenticatorBase.java:496)
	at org.apache.catalina.core.StandardHostValve.invoke(StandardHostValve.java:140)
	at org.apache.catalina.valves.ErrorReportValve.invoke(ErrorReportValve.java:81)
	at org.apache.catalina.core.StandardEngineValve.invoke(StandardEngineValve.java:87)
	at org.apache.catalina.connector.CoyoteAdapter.service(CoyoteAdapter.java:342)
	at org.apache.coyote.http11.Http11Processor.service(Http11Processor.java:803)
	at org.apache.coyote.AbstractProcessorLight.process(AbstractProcessorLight.java:66)
	at org.apache.coyote.AbstractProtocol$ConnectionHandler.process(AbstractProtocol.java:790)
	at org.apache.tomcat.util.net.NioEndpoint$SocketProcessor.doRun(NioEndpoint.java:1459)
	at org.apache.tomcat.util.net.SocketProcessorBase.run(SocketProcessorBase.java:49)
	at java.util.concurrent.ThreadPoolExecutor.runWorker(ThreadPoolExecutor.java:1142)
	at java.util.concurrent.ThreadPoolExecutor$Worker.run(ThreadPoolExecutor.java:617)
	at org.apache.tomcat.util.threads.TaskThread$WrappingRunnable.run(TaskThread.java:61)
	at java.lang.Thread.run(Thread.java:745)
2018-07-03 00:44:59 - Servlet.service() for servlet [dispatcherServlet] in context with path [] threw exception [Request processing failed; nested exception is java.lang.Exception: Não existe Example com nome eqweq] with root cause
java.lang.Exception: Não existe Example com nome eqweq
	at br.com.unipe.service.ExampleService.delete(ExampleService.java:52)
	at br.com.unipe.web.ExampleResource.delete(ExampleResource.java:52)
	at sun.reflect.NativeMethodAccessorImpl.invoke0(Native Method)
	at sun.reflect.NativeMethodAccessorImpl.invoke(NativeMethodAccessorImpl.java:62)
	at sun.reflect.DelegatingMethodAccessorImpl.invoke(DelegatingMethodAccessorImpl.java:43)
	at java.lang.reflect.Method.invoke(Method.java:498)
	at org.springframework.web.method.support.InvocableHandlerMethod.doInvoke(InvocableHandlerMethod.java:209)
	at org.springframework.web.method.support.InvocableHandlerMethod.invokeForRequest(InvocableHandlerMethod.java:136)
	at org.springframework.web.servlet.mvc.method.annotation.ServletInvocableHandlerMethod.invokeAndHandle(ServletInvocableHandlerMethod.java:102)
	at org.springframework.web.servlet.mvc.method.annotation.RequestMappingHandlerAdapter.invokeHandlerMethod(RequestMappingHandlerAdapter.java:870)
	at org.springframework.web.servlet.mvc.method.annotation.RequestMappingHandlerAdapter.handleInternal(RequestMappingHandlerAdapter.java:776)
	at org.springframework.web.servlet.mvc.method.AbstractHandlerMethodAdapter.handle(AbstractHandlerMethodAdapter.java:87)
	at org.springframework.web.servlet.DispatcherServlet.doDispatch(DispatcherServlet.java:991)
	at org.springframework.web.servlet.DispatcherServlet.doService(DispatcherServlet.java:925)
	at org.springframework.web.servlet.FrameworkServlet.processRequest(FrameworkServlet.java:978)
	at org.springframework.web.servlet.FrameworkServlet.doDelete(FrameworkServlet.java:903)
	at javax.servlet.http.HttpServlet.service(HttpServlet.java:667)
	at org.springframework.web.servlet.FrameworkServlet.service(FrameworkServlet.java:855)
	at javax.servlet.http.HttpServlet.service(HttpServlet.java:742)
	at org.apache.catalina.core.ApplicationFilterChain.internalDoFilter(ApplicationFilterChain.java:231)
	at org.apache.catalina.core.ApplicationFilterChain.doFilter(ApplicationFilterChain.java:166)
	at org.apache.tomcat.websocket.server.WsFilter.doFilter(WsFilter.java:52)
	at org.apache.catalina.core.ApplicationFilterChain.internalDoFilter(ApplicationFilterChain.java:193)
	at org.apache.catalina.core.ApplicationFilterChain.doFilter(ApplicationFilterChain.java:166)
	at org.springframework.web.filter.RequestContextFilter.doFilterInternal(RequestContextFilter.java:99)
	at org.springframework.web.filter.OncePerRequestFilter.doFilter(OncePerRequestFilter.java:107)
	at org.apache.catalina.core.ApplicationFilterChain.internalDoFilter(ApplicationFilterChain.java:193)
	at org.apache.catalina.core.ApplicationFilterChain.doFilter(ApplicationFilterChain.java:166)
	at org.springframework.web.filter.HttpPutFormContentFilter.doFilterInternal(HttpPutFormContentFilter.java:109)
	at org.springframework.web.filter.OncePerRequestFilter.doFilter(OncePerRequestFilter.java:107)
	at org.apache.catalina.core.ApplicationFilterChain.internalDoFilter(ApplicationFilterChain.java:193)
	at org.apache.catalina.core.ApplicationFilterChain.doFilter(ApplicationFilterChain.java:166)
	at org.springframework.web.filter.HiddenHttpMethodFilter.doFilterInternal(HiddenHttpMethodFilter.java:81)
	at org.springframework.web.filter.OncePerRequestFilter.doFilter(OncePerRequestFilter.java:107)
	at org.apache.catalina.core.ApplicationFilterChain.internalDoFilter(ApplicationFilterChain.java:193)
	at org.apache.catalina.core.ApplicationFilterChain.doFilter(ApplicationFilterChain.java:166)
	at org.springframework.web.filter.CharacterEncodingFilter.doFilterInternal(CharacterEncodingFilter.java:200)
	at org.springframework.web.filter.OncePerRequestFilter.doFilter(OncePerRequestFilter.java:107)
	at org.apache.catalina.core.ApplicationFilterChain.internalDoFilter(ApplicationFilterChain.java:193)
	at org.apache.catalina.core.ApplicationFilterChain.doFilter(ApplicationFilterChain.java:166)
	at org.apache.catalina.core.StandardWrapperValve.invoke(StandardWrapperValve.java:199)
	at org.apache.catalina.core.StandardContextValve.invoke(StandardContextValve.java:96)
	at org.apache.catalina.authenticator.AuthenticatorBase.invoke(AuthenticatorBase.java:496)
	at org.apache.catalina.core.StandardHostValve.invoke(StandardHostValve.java:140)
	at org.apache.catalina.valves.ErrorReportValve.invoke(ErrorReportValve.java:81)
	at org.apache.catalina.core.StandardEngineValve.invoke(StandardEngineValve.java:87)
	at org.apache.catalina.connector.CoyoteAdapter.service(CoyoteAdapter.java:342)
	at org.apache.coyote.http11.Http11Processor.service(Http11Processor.java:803)
	at org.apache.coyote.AbstractProcessorLight.process(AbstractProcessorLight.java:66)
	at org.apache.coyote.AbstractProtocol$ConnectionHandler.process(AbstractProtocol.java:790)
	at org.apache.tomcat.util.net.NioEndpoint$SocketProcessor.doRun(NioEndpoint.java:1459)
	at org.apache.tomcat.util.net.SocketProcessorBase.run(SocketProcessorBase.java:49)
	at java.util.concurrent.ThreadPoolExecutor.runWorker(ThreadPoolExecutor.java:1142)
	at java.util.concurrent.ThreadPoolExecutor$Worker.run(ThreadPoolExecutor.java:617)
	at org.apache.tomcat.util.threads.TaskThread$WrappingRunnable.run(TaskThread.java:61)
	at java.lang.Thread.run(Thread.java:745)
2018-07-03 00:45:08 - Servlet.service() for servlet [dispatcherServlet] in context with path [] threw exception [Request processing failed; nested exception is java.util.ConcurrentModificationException] with root cause
java.util.ConcurrentModificationException: null
	at java.util.ArrayList$Itr.checkForComodification(ArrayList.java:901)
	at java.util.ArrayList$Itr.next(ArrayList.java:851)
	at br.com.unipe.service.ExampleService.delete(ExampleService.java:44)
	at br.com.unipe.web.ExampleResource.delete(ExampleResource.java:52)
	at sun.reflect.NativeMethodAccessorImpl.invoke0(Native Method)
	at sun.reflect.NativeMethodAccessorImpl.invoke(NativeMethodAccessorImpl.java:62)
	at sun.reflect.DelegatingMethodAccessorImpl.invoke(DelegatingMethodAccessorImpl.java:43)
	at java.lang.reflect.Method.invoke(Method.java:498)
	at org.springframework.web.method.support.InvocableHandlerMethod.doInvoke(InvocableHandlerMethod.java:209)
	at org.springframework.web.method.support.InvocableHandlerMethod.invokeForRequest(InvocableHandlerMethod.java:136)
	at org.springframework.web.servlet.mvc.method.annotation.ServletInvocableHandlerMethod.invokeAndHandle(ServletInvocableHandlerMethod.java:102)
	at org.springframework.web.servlet.mvc.method.annotation.RequestMappingHandlerAdapter.invokeHandlerMethod(RequestMappingHandlerAdapter.java:870)
	at org.springframework.web.servlet.mvc.method.annotation.RequestMappingHandlerAdapter.handleInternal(RequestMappingHandlerAdapter.java:776)
	at org.springframework.web.servlet.mvc.method.AbstractHandlerMethodAdapter.handle(AbstractHandlerMethodAdapter.java:87)
	at org.springframework.web.servlet.DispatcherServlet.doDispatch(DispatcherServlet.java:991)
	at org.springframework.web.servlet.DispatcherServlet.doService(DispatcherServlet.java:925)
	at org.springframework.web.servlet.FrameworkServlet.processRequest(FrameworkServlet.java:978)
	at org.springframework.web.servlet.FrameworkServlet.doDelete(FrameworkServlet.java:903)
	at javax.servlet.http.HttpServlet.service(HttpServlet.java:667)
	at org.springframework.web.servlet.FrameworkServlet.service(FrameworkServlet.java:855)
	at javax.servlet.http.HttpServlet.service(HttpServlet.java:742)
	at org.apache.catalina.core.ApplicationFilterChain.internalDoFilter(ApplicationFilterChain.java:231)
	at org.apache.catalina.core.ApplicationFilterChain.doFilter(ApplicationFilterChain.java:166)
	at org.apache.tomcat.websocket.server.WsFilter.doFilter(WsFilter.java:52)
	at org.apache.catalina.core.ApplicationFilterChain.internalDoFilter(ApplicationFilterChain.java:193)
	at org.apache.catalina.core.ApplicationFilterChain.doFilter(ApplicationFilterChain.java:166)
	at org.springframework.web.filter.RequestContextFilter.doFilterInternal(RequestContextFilter.java:99)
	at org.springframework.web.filter.OncePerRequestFilter.doFilter(OncePerRequestFilter.java:107)
	at org.apache.catalina.core.ApplicationFilterChain.internalDoFilter(ApplicationFilterChain.java:193)
	at org.apache.catalina.core.ApplicationFilterChain.doFilter(ApplicationFilterChain.java:166)
	at org.springframework.web.filter.HttpPutFormContentFilter.doFilterInternal(HttpPutFormContentFilter.java:109)
	at org.springframework.web.filter.OncePerRequestFilter.doFilter(OncePerRequestFilter.java:107)
	at org.apache.catalina.core.ApplicationFilterChain.internalDoFilter(ApplicationFilterChain.java:193)
	at org.apache.catalina.core.ApplicationFilterChain.doFilter(ApplicationFilterChain.java:166)
	at org.springframework.web.filter.HiddenHttpMethodFilter.doFilterInternal(HiddenHttpMethodFilter.java:81)
	at org.springframework.web.filter.OncePerRequestFilter.doFilter(OncePerRequestFilter.java:107)
	at org.apache.catalina.core.ApplicationFilterChain.internalDoFilter(ApplicationFilterChain.java:193)
	at org.apache.catalina.core.ApplicationFilterChain.doFilter(ApplicationFilterChain.java:166)
	at org.springframework.web.filter.CharacterEncodingFilter.doFilterInternal(CharacterEncodingFilter.java:200)
	at org.springframework.web.filter.OncePerRequestFilter.doFilter(OncePerRequestFilter.java:107)
	at org.apache.catalina.core.ApplicationFilterChain.internalDoFilter(ApplicationFilterChain.java:193)
	at org.apache.catalina.core.ApplicationFilterChain.doFilter(ApplicationFilterChain.java:166)
	at org.apache.catalina.core.StandardWrapperValve.invoke(StandardWrapperValve.java:199)
	at org.apache.catalina.core.StandardContextValve.invoke(StandardContextValve.java:96)
	at org.apache.catalina.authenticator.AuthenticatorBase.invoke(AuthenticatorBase.java:496)
	at org.apache.catalina.core.StandardHostValve.invoke(StandardHostValve.java:140)
	at org.apache.catalina.valves.ErrorReportValve.invoke(ErrorReportValve.java:81)
	at org.apache.catalina.core.StandardEngineValve.invoke(StandardEngineValve.java:87)
	at org.apache.catalina.connector.CoyoteAdapter.service(CoyoteAdapter.java:342)
	at org.apache.coyote.http11.Http11Processor.service(Http11Processor.java:803)
	at org.apache.coyote.AbstractProcessorLight.process(AbstractProcessorLight.java:66)
	at org.apache.coyote.AbstractProtocol$ConnectionHandler.process(AbstractProtocol.java:790)
	at org.apache.tomcat.util.net.NioEndpoint$SocketProcessor.doRun(NioEndpoint.java:1459)
	at org.apache.tomcat.util.net.SocketProcessorBase.run(SocketProcessorBase.java:49)
	at java.util.concurrent.ThreadPoolExecutor.runWorker(ThreadPoolExecutor.java:1142)
	at java.util.concurrent.ThreadPoolExecutor$Worker.run(ThreadPoolExecutor.java:617)
	at org.apache.tomcat.util.threads.TaskThread$WrappingRunnable.run(TaskThread.java:61)
	at java.lang.Thread.run(Thread.java:745)
2018-07-03 00:47:41 - Closing org.springframework.boot.web.servlet.context.AnnotationConfigServletWebServerApplicationContext@70f764bb: startup date [Tue Jul 03 00:44:04 BRT 2018]; root of context hierarchy
2018-07-03 00:48:01 - Starting Principal on Andres.local with PID 73817 (/Users/andremarllus/Documents/POS/AULA_UNIPE/testeUNIPE/target/classes started by andremarllus in /Users/andremarllus/Documents/POS/AULA_UNIPE/testeUNIPE)
2018-07-03 00:48:01 - No active profile set, falling back to default profiles: default
2018-07-03 00:48:01 - Refreshing org.springframework.boot.web.servlet.context.AnnotationConfigServletWebServerApplicationContext@3bfcfd02: startup date [Tue Jul 03 00:48:01 BRT 2018]; root of context hierarchy
2018-07-03 00:48:03 - Tomcat initialized with port(s): 8080 (http)
2018-07-03 00:48:04 - Servlet dispatcherServlet mapped to [/]
2018-07-03 00:48:04 - Mapping filter: 'characterEncodingFilter' to: [/*]
2018-07-03 00:48:04 - Mapping filter: 'hiddenHttpMethodFilter' to: [/*]
2018-07-03 00:48:04 - Mapping filter: 'httpPutFormContentFilter' to: [/*]
2018-07-03 00:48:04 - Mapping filter: 'requestContextFilter' to: [/*]
2018-07-03 00:48:05 - Adding welcome page: class path resource [static/index.html]
2018-07-03 00:48:05 - LiveReload server is running on port 35729
2018-07-03 00:48:06 - Tomcat started on port(s): 8080 (http) with context path ''
2018-07-03 00:48:06 - Started Principal in 5.565 seconds (JVM running for 6.146)
2018-07-03 00:48:06 - 
----------------------------------------------------------
	aulaUNIPE está rodando! Acesse uma das URLs:
	IP do ELK: 	0
	Porta do ELK: 	0
	Ip do Banco: 	null
	Local: 		http://localhost:8080/
	Externa: 	http://192.168.1.33:8080/
----------------------------------------------------------
2018-07-03 00:48:38 - Servlet.service() for servlet [dispatcherServlet] in context with path [] threw exception [Request processing failed; nested exception is java.lang.Exception: Não existe Example com nome string] with root cause
java.lang.Exception: Não existe Example com nome string
	at br.com.unipe.service.ExampleService.delete(ExampleService.java:53)
	at br.com.unipe.web.ExampleResource.delete(ExampleResource.java:52)
	at sun.reflect.NativeMethodAccessorImpl.invoke0(Native Method)
	at sun.reflect.NativeMethodAccessorImpl.invoke(NativeMethodAccessorImpl.java:62)
	at sun.reflect.DelegatingMethodAccessorImpl.invoke(DelegatingMethodAccessorImpl.java:43)
	at java.lang.reflect.Method.invoke(Method.java:498)
	at org.springframework.web.method.support.InvocableHandlerMethod.doInvoke(InvocableHandlerMethod.java:209)
	at org.springframework.web.method.support.InvocableHandlerMethod.invokeForRequest(InvocableHandlerMethod.java:136)
	at org.springframework.web.servlet.mvc.method.annotation.ServletInvocableHandlerMethod.invokeAndHandle(ServletInvocableHandlerMethod.java:102)
	at org.springframework.web.servlet.mvc.method.annotation.RequestMappingHandlerAdapter.invokeHandlerMethod(RequestMappingHandlerAdapter.java:870)
	at org.springframework.web.servlet.mvc.method.annotation.RequestMappingHandlerAdapter.handleInternal(RequestMappingHandlerAdapter.java:776)
	at org.springframework.web.servlet.mvc.method.AbstractHandlerMethodAdapter.handle(AbstractHandlerMethodAdapter.java:87)
	at org.springframework.web.servlet.DispatcherServlet.doDispatch(DispatcherServlet.java:991)
	at org.springframework.web.servlet.DispatcherServlet.doService(DispatcherServlet.java:925)
	at org.springframework.web.servlet.FrameworkServlet.processRequest(FrameworkServlet.java:978)
	at org.springframework.web.servlet.FrameworkServlet.doDelete(FrameworkServlet.java:903)
	at javax.servlet.http.HttpServlet.service(HttpServlet.java:667)
	at org.springframework.web.servlet.FrameworkServlet.service(FrameworkServlet.java:855)
	at javax.servlet.http.HttpServlet.service(HttpServlet.java:742)
	at org.apache.catalina.core.ApplicationFilterChain.internalDoFilter(ApplicationFilterChain.java:231)
	at org.apache.catalina.core.ApplicationFilterChain.doFilter(ApplicationFilterChain.java:166)
	at org.apache.tomcat.websocket.server.WsFilter.doFilter(WsFilter.java:52)
	at org.apache.catalina.core.ApplicationFilterChain.internalDoFilter(ApplicationFilterChain.java:193)
	at org.apache.catalina.core.ApplicationFilterChain.doFilter(ApplicationFilterChain.java:166)
	at org.springframework.web.filter.RequestContextFilter.doFilterInternal(RequestContextFilter.java:99)
	at org.springframework.web.filter.OncePerRequestFilter.doFilter(OncePerRequestFilter.java:107)
	at org.apache.catalina.core.ApplicationFilterChain.internalDoFilter(ApplicationFilterChain.java:193)
	at org.apache.catalina.core.ApplicationFilterChain.doFilter(ApplicationFilterChain.java:166)
	at org.springframework.web.filter.HttpPutFormContentFilter.doFilterInternal(HttpPutFormContentFilter.java:109)
	at org.springframework.web.filter.OncePerRequestFilter.doFilter(OncePerRequestFilter.java:107)
	at org.apache.catalina.core.ApplicationFilterChain.internalDoFilter(ApplicationFilterChain.java:193)
	at org.apache.catalina.core.ApplicationFilterChain.doFilter(ApplicationFilterChain.java:166)
	at org.springframework.web.filter.HiddenHttpMethodFilter.doFilterInternal(HiddenHttpMethodFilter.java:81)
	at org.springframework.web.filter.OncePerRequestFilter.doFilter(OncePerRequestFilter.java:107)
	at org.apache.catalina.core.ApplicationFilterChain.internalDoFilter(ApplicationFilterChain.java:193)
	at org.apache.catalina.core.ApplicationFilterChain.doFilter(ApplicationFilterChain.java:166)
	at org.springframework.web.filter.CharacterEncodingFilter.doFilterInternal(CharacterEncodingFilter.java:200)
	at org.springframework.web.filter.OncePerRequestFilter.doFilter(OncePerRequestFilter.java:107)
	at org.apache.catalina.core.ApplicationFilterChain.internalDoFilter(ApplicationFilterChain.java:193)
	at org.apache.catalina.core.ApplicationFilterChain.doFilter(ApplicationFilterChain.java:166)
	at org.apache.catalina.core.StandardWrapperValve.invoke(StandardWrapperValve.java:199)
	at org.apache.catalina.core.StandardContextValve.invoke(StandardContextValve.java:96)
	at org.apache.catalina.authenticator.AuthenticatorBase.invoke(AuthenticatorBase.java:496)
	at org.apache.catalina.core.StandardHostValve.invoke(StandardHostValve.java:140)
	at org.apache.catalina.valves.ErrorReportValve.invoke(ErrorReportValve.java:81)
	at org.apache.catalina.core.StandardEngineValve.invoke(StandardEngineValve.java:87)
	at org.apache.catalina.connector.CoyoteAdapter.service(CoyoteAdapter.java:342)
	at org.apache.coyote.http11.Http11Processor.service(Http11Processor.java:803)
	at org.apache.coyote.AbstractProcessorLight.process(AbstractProcessorLight.java:66)
	at org.apache.coyote.AbstractProtocol$ConnectionHandler.process(AbstractProtocol.java:790)
	at org.apache.tomcat.util.net.NioEndpoint$SocketProcessor.doRun(NioEndpoint.java:1459)
	at org.apache.tomcat.util.net.SocketProcessorBase.run(SocketProcessorBase.java:49)
	at java.util.concurrent.ThreadPoolExecutor.runWorker(ThreadPoolExecutor.java:1142)
	at java.util.concurrent.ThreadPoolExecutor$Worker.run(ThreadPoolExecutor.java:617)
	at org.apache.tomcat.util.threads.TaskThread$WrappingRunnable.run(TaskThread.java:61)
	at java.lang.Thread.run(Thread.java:745)
2018-07-03 00:48:50 - Closing org.springframework.boot.web.servlet.context.AnnotationConfigServletWebServerApplicationContext@3bfcfd02: startup date [Tue Jul 03 00:48:01 BRT 2018]; root of context hierarchy
2018-07-05 20:50:23 - Starting Principal on CT0924NSEMPAT with PID 10448 (C:\Users\aluno\git\testeUNIPE\target\classes started by aluno in C:\Users\aluno\git\testeUNIPE)
2018-07-05 20:50:23 - No active profile set, falling back to default profiles: default
2018-07-05 20:50:23 - Refreshing org.springframework.boot.web.servlet.context.AnnotationConfigServletWebServerApplicationContext@7091bd0b: startup date [Thu Jul 05 20:50:23 BRT 2018]; root of context hierarchy
2018-07-05 20:50:26 - Tomcat initialized with port(s): 8080 (http)
2018-07-05 20:50:27 - Servlet dispatcherServlet mapped to [/]
2018-07-05 20:50:27 - Mapping filter: 'characterEncodingFilter' to: [/*]
2018-07-05 20:50:27 - Mapping filter: 'hiddenHttpMethodFilter' to: [/*]
2018-07-05 20:50:27 - Mapping filter: 'httpPutFormContentFilter' to: [/*]
2018-07-05 20:50:27 - Mapping filter: 'requestContextFilter' to: [/*]
2018-07-05 20:50:28 - Adding welcome page: class path resource [static/index.html]
2018-07-05 20:50:28 - LiveReload server is running on port 35729
2018-07-05 20:50:29 - Tomcat started on port(s): 8080 (http) with context path ''
2018-07-05 20:50:29 - Started Principal in 6.744 seconds (JVM running for 7.779)
2018-07-05 20:50:29 - 
----------------------------------------------------------
	aulaUNIPE está rodando! Acesse uma das URLs:
	IP do ELK: 	0
	Porta do ELK: 	0
	Ip do Banco: 	null
	Local: 		http://localhost:8080/
	Externa: 	http://192.168.56.1:8080/
----------------------------------------------------------
2018-07-05 20:57:12 - Starting Principal on CT0924NSEMPAT with PID 12256 (C:\Users\aluno\git\testeUNIPE\target\classes started by aluno in C:\Users\aluno\git\testeUNIPE)
2018-07-05 20:57:12 - No active profile set, falling back to default profiles: default
2018-07-05 20:57:12 - Refreshing org.springframework.boot.web.servlet.context.AnnotationConfigServletWebServerApplicationContext@32f8ebf7: startup date [Thu Jul 05 20:57:12 BRT 2018]; root of context hierarchy
2018-07-05 20:57:14 - Tomcat initialized with port(s): 8080 (http)
2018-07-05 20:57:15 - Servlet dispatcherServlet mapped to [/]
2018-07-05 20:57:15 - Mapping filter: 'characterEncodingFilter' to: [/*]
2018-07-05 20:57:15 - Mapping filter: 'hiddenHttpMethodFilter' to: [/*]
2018-07-05 20:57:15 - Mapping filter: 'httpPutFormContentFilter' to: [/*]
2018-07-05 20:57:15 - Mapping filter: 'requestContextFilter' to: [/*]
2018-07-05 20:57:16 - Adding welcome page: class path resource [static/index.html]
2018-07-05 20:57:16 - LiveReload server is running on port 35729
2018-07-05 20:57:17 - Tomcat started on port(s): 8080 (http) with context path ''
2018-07-05 20:57:17 - Started Principal in 6.256 seconds (JVM running for 6.807)
2018-07-05 20:57:17 - 
----------------------------------------------------------
	aulaUNIPE está rodando! Acesse uma das URLs:
	IP do ELK: 	0
	Porta do ELK: 	0
	Ip do Banco: 	null
	Local: 		http://localhost:8080/
	Externa: 	http://192.168.56.1:8080/
----------------------------------------------------------
2018-07-05 21:09:19 - Closing org.springframework.boot.web.servlet.context.AnnotationConfigServletWebServerApplicationContext@32f8ebf7: startup date [Thu Jul 05 20:57:12 BRT 2018]; root of context hierarchy
2018-07-05 21:09:20 - Starting Principal on CT0924NSEMPAT with PID 12256 (C:\Users\aluno\git\testeUNIPE\target\classes started by aluno in C:\Users\aluno\git\testeUNIPE)
2018-07-05 21:09:20 - No active profile set, falling back to default profiles: default
2018-07-05 21:09:20 - Refreshing org.springframework.boot.web.servlet.context.AnnotationConfigServletWebServerApplicationContext@55e96d06: startup date [Thu Jul 05 21:09:20 BRT 2018]; root of context hierarchy
2018-07-05 21:09:21 - Tomcat initialized with port(s): 8080 (http)
2018-07-05 21:09:21 - Servlet dispatcherServlet mapped to [/]
2018-07-05 21:09:21 - Mapping filter: 'characterEncodingFilter' to: [/*]
2018-07-05 21:09:21 - Mapping filter: 'hiddenHttpMethodFilter' to: [/*]
2018-07-05 21:09:21 - Mapping filter: 'httpPutFormContentFilter' to: [/*]
2018-07-05 21:09:21 - Mapping filter: 'requestContextFilter' to: [/*]
2018-07-05 21:09:21 - Adding welcome page: class path resource [static/index.html]
2018-07-05 21:09:21 - LiveReload server is running on port 35729
2018-07-05 21:09:21 - Tomcat started on port(s): 8080 (http) with context path ''
2018-07-05 21:09:21 - Started Principal in 1.253 seconds (JVM running for 730.997)
2018-07-05 21:09:21 - Condition evaluation unchanged
2018-07-05 21:09:21 - *** Couldn't find a suitable DSN, Sentry operations will do nothing! See documentation: https://docs.sentry.io/clients/java/ ***
2018-07-05 21:09:21 - No 'stacktrace.app.packages' was configured, this option is highly recommended as it affects stacktrace grouping and display on Sentry. See documentation: https://docs.sentry.io/clients/java/config/#in-application-stack-frames
2018-07-05 21:09:21 - *** Couldn't find a suitable DSN, Sentry operations will do nothing! See documentation: https://docs.sentry.io/clients/java/ ***
2018-07-05 21:09:21 - No 'stacktrace.app.packages' was configured, this option is highly recommended as it affects stacktrace grouping and display on Sentry. See documentation: https://docs.sentry.io/clients/java/config/#in-application-stack-frames
2018-07-05 21:09:21 - Overwriting statically stored SentryClient instance SentryClient{release='null', dist='null', environment='null', serverName='null', tags={}, mdcTags=[], extra={}, connection=io.sentry.connection.NoopConnection@445ede9c, builderHelpers=[io.sentry.event.helper.HttpEventBuilderHelper@4858d394, io.sentry.event.helper.ContextBuilderHelper@49bc6617], contextManager=io.sentry.context.ThreadLocalContextManager@7c8977d6, uncaughtExceptionHandler=io.sentry.SentryUncaughtExceptionHandler@4e91ece5} with SentryClient{release='null', dist='null', environment='null', serverName='null', tags={}, mdcTags=[], extra={}, connection=io.sentry.connection.NoopConnection@405b42d0, builderHelpers=[io.sentry.event.helper.HttpEventBuilderHelper@6a7d0812, io.sentry.event.helper.ContextBuilderHelper@5d7df54c], contextManager=io.sentry.context.ThreadLocalContextManager@1ccaccc2, uncaughtExceptionHandler=io.sentry.SentryUncaughtExceptionHandler@69d4049}.
2018-07-05 21:09:21 - *** Couldn't find a suitable DSN, Sentry operations will do nothing! See documentation: https://docs.sentry.io/clients/java/ ***
2018-07-05 21:09:21 - No 'stacktrace.app.packages' was configured, this option is highly recommended as it affects stacktrace grouping and display on Sentry. See documentation: https://docs.sentry.io/clients/java/config/#in-application-stack-frames
2018-07-05 21:15:15 - Starting Principal on CT0924NSEMPAT with PID 8304 (C:\Users\aluno\git\testeUNIPE\target\classes started by aluno in C:\Users\aluno\git\testeUNIPE)
2018-07-05 21:15:15 - No active profile set, falling back to default profiles: default
2018-07-05 21:15:15 - Refreshing org.springframework.boot.web.servlet.context.AnnotationConfigServletWebServerApplicationContext@5a1b37b9: startup date [Thu Jul 05 21:15:15 BRT 2018]; root of context hierarchy
2018-07-05 21:15:18 - Tomcat initialized with port(s): 8080 (http)
2018-07-05 21:15:18 - Servlet dispatcherServlet mapped to [/]
2018-07-05 21:15:18 - Mapping filter: 'characterEncodingFilter' to: [/*]
2018-07-05 21:15:18 - Mapping filter: 'hiddenHttpMethodFilter' to: [/*]
2018-07-05 21:15:18 - Mapping filter: 'httpPutFormContentFilter' to: [/*]
2018-07-05 21:15:18 - Mapping filter: 'requestContextFilter' to: [/*]
2018-07-05 21:15:20 - Adding welcome page: class path resource [static/index.html]
2018-07-05 21:15:20 - LiveReload server is running on port 35729
2018-07-05 21:15:20 - Tomcat started on port(s): 8080 (http) with context path ''
2018-07-05 21:15:20 - Started Principal in 6.329 seconds (JVM running for 6.906)
2018-07-05 21:15:21 - *** Couldn't find a suitable DSN, Sentry operations will do nothing! See documentation: https://docs.sentry.io/clients/java/ ***
2018-07-05 21:15:21 - No 'stacktrace.app.packages' was configured, this option is highly recommended as it affects stacktrace grouping and display on Sentry. See documentation: https://docs.sentry.io/clients/java/config/#in-application-stack-frames
2018-07-05 21:15:21 - *** Couldn't find a suitable DSN, Sentry operations will do nothing! See documentation: https://docs.sentry.io/clients/java/ ***
2018-07-05 21:15:21 - No 'stacktrace.app.packages' was configured, this option is highly recommended as it affects stacktrace grouping and display on Sentry. See documentation: https://docs.sentry.io/clients/java/config/#in-application-stack-frames
2018-07-05 21:15:21 - Overwriting statically stored SentryClient instance SentryClient{release='null', dist='null', environment='null', serverName='null', tags={}, mdcTags=[], extra={}, connection=io.sentry.connection.NoopConnection@4749beef, builderHelpers=[io.sentry.event.helper.HttpEventBuilderHelper@14168b5c, io.sentry.event.helper.ContextBuilderHelper@4383d4f1], contextManager=io.sentry.context.ThreadLocalContextManager@30f9d1f4, uncaughtExceptionHandler=io.sentry.SentryUncaughtExceptionHandler@3acdafc2} with SentryClient{release='null', dist='null', environment='null', serverName='null', tags={}, mdcTags=[], extra={}, connection=io.sentry.connection.NoopConnection@1aa19fac, builderHelpers=[io.sentry.event.helper.HttpEventBuilderHelper@4758f455, io.sentry.event.helper.ContextBuilderHelper@39d0fb3b], contextManager=io.sentry.context.ThreadLocalContextManager@6eb4e07c, uncaughtExceptionHandler=io.sentry.SentryUncaughtExceptionHandler@787e4ef9}.
2018-07-05 21:15:21 - *** Couldn't find a suitable DSN, Sentry operations will do nothing! See documentation: https://docs.sentry.io/clients/java/ ***
2018-07-05 21:15:21 - No 'stacktrace.app.packages' was configured, this option is highly recommended as it affects stacktrace grouping and display on Sentry. See documentation: https://docs.sentry.io/clients/java/config/#in-application-stack-frames
2018-07-05 21:21:06 - Closing org.springframework.boot.web.servlet.context.AnnotationConfigServletWebServerApplicationContext@5a1b37b9: startup date [Thu Jul 05 21:15:15 BRT 2018]; root of context hierarchy
2018-07-05 21:21:07 - Starting Principal on CT0924NSEMPAT with PID 8304 (C:\Users\aluno\git\testeUNIPE\target\classes started by aluno in C:\Users\aluno\git\testeUNIPE)
2018-07-05 21:21:07 - No active profile set, falling back to default profiles: default
2018-07-05 21:21:07 - Refreshing org.springframework.boot.web.servlet.context.AnnotationConfigServletWebServerApplicationContext@63de21b1: startup date [Thu Jul 05 21:21:07 BRT 2018]; root of context hierarchy
2018-07-05 21:21:07 - Tomcat initialized with port(s): 8080 (http)
2018-07-05 21:21:07 - Servlet dispatcherServlet mapped to [/]
2018-07-05 21:21:07 - Mapping filter: 'characterEncodingFilter' to: [/*]
2018-07-05 21:21:07 - Mapping filter: 'hiddenHttpMethodFilter' to: [/*]
2018-07-05 21:21:07 - Mapping filter: 'httpPutFormContentFilter' to: [/*]
2018-07-05 21:21:07 - Mapping filter: 'requestContextFilter' to: [/*]
2018-07-05 21:21:08 - Adding welcome page: class path resource [static/index.html]
2018-07-05 21:21:08 - LiveReload server is running on port 35729
2018-07-05 21:21:08 - Tomcat started on port(s): 8080 (http) with context path ''
2018-07-05 21:21:08 - Started Principal in 1.32 seconds (JVM running for 354.173)
2018-07-05 21:21:08 - Condition evaluation unchanged
2018-07-05 21:21:08 - *** Couldn't find a suitable DSN, Sentry operations will do nothing! See documentation: https://docs.sentry.io/clients/java/ ***
2018-07-05 21:21:08 - No 'stacktrace.app.packages' was configured, this option is highly recommended as it affects stacktrace grouping and display on Sentry. See documentation: https://docs.sentry.io/clients/java/config/#in-application-stack-frames
2018-07-05 21:21:08 - Overwriting statically stored SentryClient instance SentryClient{release='null', dist='null', environment='null', serverName='null', tags={}, mdcTags=[], extra={}, connection=io.sentry.connection.NoopConnection@1aa19fac, builderHelpers=[io.sentry.event.helper.HttpEventBuilderHelper@4758f455, io.sentry.event.helper.ContextBuilderHelper@39d0fb3b], contextManager=io.sentry.context.ThreadLocalContextManager@6eb4e07c, uncaughtExceptionHandler=io.sentry.SentryUncaughtExceptionHandler@787e4ef9} with SentryClient{release='null', dist='null', environment='null', serverName='null', tags={}, mdcTags=[], extra={}, connection=io.sentry.connection.NoopConnection@32fb0d85, builderHelpers=[io.sentry.event.helper.HttpEventBuilderHelper@16d2e677, io.sentry.event.helper.ContextBuilderHelper@49fb619], contextManager=io.sentry.context.ThreadLocalContextManager@6563a6e9, uncaughtExceptionHandler=io.sentry.SentryUncaughtExceptionHandler@f9e08e5}.
2018-07-05 21:21:08 - No 'stacktrace.app.packages' was configured, this option is highly recommended as it affects stacktrace grouping and display on Sentry. See documentation: https://docs.sentry.io/clients/java/config/#in-application-stack-frames
2018-07-05 21:21:08 - No 'stacktrace.app.packages' was configured, this option is highly recommended as it affects stacktrace grouping and display on Sentry. See documentation: https://docs.sentry.io/clients/java/config/#in-application-stack-frames
2018-07-05 21:21:08 - Overwriting statically stored SentryClient instance SentryClient{release='null', dist='null', environment='null', serverName='null', tags={}, mdcTags=[], extra={}, connection=io.sentry.connection.NoopConnection@32fb0d85, builderHelpers=[io.sentry.event.helper.HttpEventBuilderHelper@16d2e677, io.sentry.event.helper.ContextBuilderHelper@49fb619], contextManager=io.sentry.context.ThreadLocalContextManager@6563a6e9, uncaughtExceptionHandler=io.sentry.SentryUncaughtExceptionHandler@f9e08e5} with SentryClient{release='null', dist='null', environment='null', serverName='null', tags={}, mdcTags=[], extra={}, connection=io.sentry.connection.AsyncConnection@45165f3e, builderHelpers=[io.sentry.event.helper.HttpEventBuilderHelper@698580b, io.sentry.event.helper.ContextBuilderHelper@5d84fb13], contextManager=io.sentry.context.ThreadLocalContextManager@22e042c6, uncaughtExceptionHandler=io.sentry.SentryUncaughtExceptionHandler@55f8160b}.
2018-07-05 21:21:08 - *** Couldn't find a suitable DSN, Sentry operations will do nothing! See documentation: https://docs.sentry.io/clients/java/ ***
2018-07-05 21:21:08 - No 'stacktrace.app.packages' was configured, this option is highly recommended as it affects stacktrace grouping and display on Sentry. See documentation: https://docs.sentry.io/clients/java/config/#in-application-stack-frames
2018-07-05 21:21:10 - Initiated a temporary lockdown because of exception: An exception occurred while submitting the event to the Sentry server.
2018-07-05 21:21:10 - An exception occurred while sending the event to Sentry.
io.sentry.connection.ConnectionException: An exception occurred while submitting the event to the Sentry server.
	at io.sentry.connection.HttpConnection.doSend(HttpConnection.java:216)
	at io.sentry.connection.AbstractConnection.send(AbstractConnection.java:76)
	at io.sentry.connection.AsyncConnection$EventSubmitter.run(AsyncConnection.java:185)
	at java.util.concurrent.ThreadPoolExecutor.runWorker(Unknown Source)
	at java.util.concurrent.ThreadPoolExecutor$Worker.run(Unknown Source)
	at java.lang.Thread.run(Unknown Source)
Caused by: java.net.SocketTimeoutException: connect timed out
	at java.net.DualStackPlainSocketImpl.waitForConnect(Native Method)
	at java.net.DualStackPlainSocketImpl.socketConnect(Unknown Source)
	at java.net.AbstractPlainSocketImpl.doConnect(Unknown Source)
	at java.net.AbstractPlainSocketImpl.connectToAddress(Unknown Source)
	at java.net.AbstractPlainSocketImpl.connect(Unknown Source)
	at java.net.PlainSocketImpl.connect(Unknown Source)
	at java.net.SocksSocketImpl.connect(Unknown Source)
	at java.net.Socket.connect(Unknown Source)
	at sun.security.ssl.SSLSocketImpl.connect(Unknown Source)
	at sun.net.NetworkClient.doConnect(Unknown Source)
	at sun.net.www.http.HttpClient.openServer(Unknown Source)
	at sun.net.www.http.HttpClient.openServer(Unknown Source)
	at sun.net.www.protocol.https.HttpsClient.<init>(Unknown Source)
	at sun.net.www.protocol.https.HttpsClient.New(Unknown Source)
	at sun.net.www.protocol.https.AbstractDelegateHttpsURLConnection.getNewHttpClient(Unknown Source)
	at sun.net.www.protocol.http.HttpURLConnection.plainConnect0(Unknown Source)
	at sun.net.www.protocol.http.HttpURLConnection.plainConnect(Unknown Source)
	at sun.net.www.protocol.https.AbstractDelegateHttpsURLConnection.connect(Unknown Source)
	at sun.net.www.protocol.https.HttpsURLConnectionImpl.connect(Unknown Source)
	at io.sentry.connection.HttpConnection.doSend(HttpConnection.java:168)
	... 5 common frames omitted
2018-07-05 21:21:10 - An exception occurred while sending the event to Sentry.
io.sentry.connection.ConnectionException: An exception occurred while submitting the event to the Sentry server.
	at io.sentry.connection.HttpConnection.doSend(HttpConnection.java:216)
	at io.sentry.connection.AbstractConnection.send(AbstractConnection.java:76)
	at io.sentry.connection.AsyncConnection$EventSubmitter.run(AsyncConnection.java:185)
	at java.util.concurrent.ThreadPoolExecutor.runWorker(Unknown Source)
	at java.util.concurrent.ThreadPoolExecutor$Worker.run(Unknown Source)
	at java.lang.Thread.run(Unknown Source)
Caused by: java.net.SocketTimeoutException: connect timed out
	at java.net.DualStackPlainSocketImpl.waitForConnect(Native Method)
	at java.net.DualStackPlainSocketImpl.socketConnect(Unknown Source)
	at java.net.AbstractPlainSocketImpl.doConnect(Unknown Source)
	at java.net.AbstractPlainSocketImpl.connectToAddress(Unknown Source)
	at java.net.AbstractPlainSocketImpl.connect(Unknown Source)
	at java.net.PlainSocketImpl.connect(Unknown Source)
	at java.net.SocksSocketImpl.connect(Unknown Source)
	at java.net.Socket.connect(Unknown Source)
	at sun.security.ssl.SSLSocketImpl.connect(Unknown Source)
	at sun.net.NetworkClient.doConnect(Unknown Source)
	at sun.net.www.http.HttpClient.openServer(Unknown Source)
	at sun.net.www.http.HttpClient.openServer(Unknown Source)
	at sun.net.www.protocol.https.HttpsClient.<init>(Unknown Source)
	at sun.net.www.protocol.https.HttpsClient.New(Unknown Source)
	at sun.net.www.protocol.https.AbstractDelegateHttpsURLConnection.getNewHttpClient(Unknown Source)
	at sun.net.www.protocol.http.HttpURLConnection.plainConnect0(Unknown Source)
	at sun.net.www.protocol.http.HttpURLConnection.plainConnect(Unknown Source)
	at sun.net.www.protocol.https.AbstractDelegateHttpsURLConnection.connect(Unknown Source)
	at sun.net.www.protocol.https.HttpsURLConnectionImpl.connect(Unknown Source)
	at io.sentry.connection.HttpConnection.doSend(HttpConnection.java:168)
	... 5 common frames omitted
2018-07-05 21:23:23 - Starting Principal on CT0924NSEMPAT with PID 12048 (C:\Users\aluno\git\testeUNIPE\target\classes started by aluno in C:\Users\aluno\git\testeUNIPE)
2018-07-05 21:23:23 - No active profile set, falling back to default profiles: default
2018-07-05 21:23:23 - Refreshing org.springframework.boot.web.servlet.context.AnnotationConfigServletWebServerApplicationContext@666a06db: startup date [Thu Jul 05 21:23:23 BRT 2018]; root of context hierarchy
2018-07-05 21:23:26 - Tomcat initialized with port(s): 8080 (http)
2018-07-05 21:23:27 - Servlet dispatcherServlet mapped to [/]
2018-07-05 21:23:27 - Mapping filter: 'characterEncodingFilter' to: [/*]
2018-07-05 21:23:27 - Mapping filter: 'hiddenHttpMethodFilter' to: [/*]
2018-07-05 21:23:27 - Mapping filter: 'httpPutFormContentFilter' to: [/*]
2018-07-05 21:23:27 - Mapping filter: 'requestContextFilter' to: [/*]
2018-07-05 21:23:28 - Adding welcome page: class path resource [static/index.html]
2018-07-05 21:23:28 - LiveReload server is running on port 35729
2018-07-05 21:23:29 - Tomcat started on port(s): 8080 (http) with context path ''
2018-07-05 21:23:29 - Started Principal in 6.604 seconds (JVM running for 7.35)
2018-07-05 21:23:29 - *** Couldn't find a suitable DSN, Sentry operations will do nothing! See documentation: https://docs.sentry.io/clients/java/ ***
2018-07-05 21:23:29 - No 'stacktrace.app.packages' was configured, this option is highly recommended as it affects stacktrace grouping and display on Sentry. See documentation: https://docs.sentry.io/clients/java/config/#in-application-stack-frames
2018-07-05 21:23:29 - No 'stacktrace.app.packages' was configured, this option is highly recommended as it affects stacktrace grouping and display on Sentry. See documentation: https://docs.sentry.io/clients/java/config/#in-application-stack-frames
2018-07-05 21:23:29 - No 'stacktrace.app.packages' was configured, this option is highly recommended as it affects stacktrace grouping and display on Sentry. See documentation: https://docs.sentry.io/clients/java/config/#in-application-stack-frames
2018-07-05 21:23:29 - Overwriting statically stored SentryClient instance SentryClient{release='null', dist='null', environment='null', serverName='null', tags={}, mdcTags=[], extra={}, connection=io.sentry.connection.NoopConnection@62ca655d, builderHelpers=[io.sentry.event.helper.HttpEventBuilderHelper@bd0f275, io.sentry.event.helper.ContextBuilderHelper@39d73985], contextManager=io.sentry.context.ThreadLocalContextManager@700efe2e, uncaughtExceptionHandler=io.sentry.SentryUncaughtExceptionHandler@41df9dff} with SentryClient{release='null', dist='null', environment='null', serverName='null', tags={}, mdcTags=[], extra={}, connection=io.sentry.connection.AsyncConnection@4d908ceb, builderHelpers=[io.sentry.event.helper.HttpEventBuilderHelper@4d0b8fcd, io.sentry.event.helper.ContextBuilderHelper@4af3e7cc], contextManager=io.sentry.context.ThreadLocalContextManager@777eab08, uncaughtExceptionHandler=io.sentry.SentryUncaughtExceptionHandler@3e4086d8}.
2018-07-05 21:23:29 - *** Couldn't find a suitable DSN, Sentry operations will do nothing! See documentation: https://docs.sentry.io/clients/java/ ***
2018-07-05 21:23:29 - No 'stacktrace.app.packages' was configured, this option is highly recommended as it affects stacktrace grouping and display on Sentry. See documentation: https://docs.sentry.io/clients/java/config/#in-application-stack-frames
2018-07-05 21:23:32 - Initiated a temporary lockdown because of exception: An exception occurred while submitting the event to the Sentry server.
2018-07-05 21:23:32 - An exception occurred while sending the event to Sentry.
io.sentry.connection.ConnectionException: An exception occurred while submitting the event to the Sentry server.
	at io.sentry.connection.HttpConnection.doSend(HttpConnection.java:216)
	at io.sentry.connection.AbstractConnection.send(AbstractConnection.java:76)
	at io.sentry.connection.AsyncConnection$EventSubmitter.run(AsyncConnection.java:185)
	at java.util.concurrent.ThreadPoolExecutor.runWorker(Unknown Source)
	at java.util.concurrent.ThreadPoolExecutor$Worker.run(Unknown Source)
	at java.lang.Thread.run(Unknown Source)
Caused by: java.net.SocketTimeoutException: connect timed out
	at java.net.DualStackPlainSocketImpl.waitForConnect(Native Method)
	at java.net.DualStackPlainSocketImpl.socketConnect(Unknown Source)
	at java.net.AbstractPlainSocketImpl.doConnect(Unknown Source)
	at java.net.AbstractPlainSocketImpl.connectToAddress(Unknown Source)
	at java.net.AbstractPlainSocketImpl.connect(Unknown Source)
	at java.net.PlainSocketImpl.connect(Unknown Source)
	at java.net.SocksSocketImpl.connect(Unknown Source)
	at java.net.Socket.connect(Unknown Source)
	at sun.security.ssl.SSLSocketImpl.connect(Unknown Source)
	at sun.net.NetworkClient.doConnect(Unknown Source)
	at sun.net.www.http.HttpClient.openServer(Unknown Source)
	at sun.net.www.http.HttpClient.openServer(Unknown Source)
	at sun.net.www.protocol.https.HttpsClient.<init>(Unknown Source)
	at sun.net.www.protocol.https.HttpsClient.New(Unknown Source)
	at sun.net.www.protocol.https.AbstractDelegateHttpsURLConnection.getNewHttpClient(Unknown Source)
	at sun.net.www.protocol.http.HttpURLConnection.plainConnect0(Unknown Source)
	at sun.net.www.protocol.http.HttpURLConnection.plainConnect(Unknown Source)
	at sun.net.www.protocol.https.AbstractDelegateHttpsURLConnection.connect(Unknown Source)
	at sun.net.www.protocol.https.HttpsURLConnectionImpl.connect(Unknown Source)
	at io.sentry.connection.HttpConnection.doSend(HttpConnection.java:168)
	... 5 common frames omitted
2018-07-05 21:23:32 - An exception occurred while sending the event to Sentry.
io.sentry.connection.ConnectionException: An exception occurred while submitting the event to the Sentry server.
	at io.sentry.connection.HttpConnection.doSend(HttpConnection.java:216)
	at io.sentry.connection.AbstractConnection.send(AbstractConnection.java:76)
	at io.sentry.connection.AsyncConnection$EventSubmitter.run(AsyncConnection.java:185)
	at java.util.concurrent.ThreadPoolExecutor.runWorker(Unknown Source)
	at java.util.concurrent.ThreadPoolExecutor$Worker.run(Unknown Source)
	at java.lang.Thread.run(Unknown Source)
Caused by: java.net.SocketTimeoutException: connect timed out
	at java.net.DualStackPlainSocketImpl.waitForConnect(Native Method)
	at java.net.DualStackPlainSocketImpl.socketConnect(Unknown Source)
	at java.net.AbstractPlainSocketImpl.doConnect(Unknown Source)
	at java.net.AbstractPlainSocketImpl.connectToAddress(Unknown Source)
	at java.net.AbstractPlainSocketImpl.connect(Unknown Source)
	at java.net.PlainSocketImpl.connect(Unknown Source)
	at java.net.SocksSocketImpl.connect(Unknown Source)
	at java.net.Socket.connect(Unknown Source)
	at sun.security.ssl.SSLSocketImpl.connect(Unknown Source)
	at sun.net.NetworkClient.doConnect(Unknown Source)
	at sun.net.www.http.HttpClient.openServer(Unknown Source)
	at sun.net.www.http.HttpClient.openServer(Unknown Source)
	at sun.net.www.protocol.https.HttpsClient.<init>(Unknown Source)
	at sun.net.www.protocol.https.HttpsClient.New(Unknown Source)
	at sun.net.www.protocol.https.AbstractDelegateHttpsURLConnection.getNewHttpClient(Unknown Source)
	at sun.net.www.protocol.http.HttpURLConnection.plainConnect0(Unknown Source)
	at sun.net.www.protocol.http.HttpURLConnection.plainConnect(Unknown Source)
	at sun.net.www.protocol.https.AbstractDelegateHttpsURLConnection.connect(Unknown Source)
	at sun.net.www.protocol.https.HttpsURLConnectionImpl.connect(Unknown Source)
	at io.sentry.connection.HttpConnection.doSend(HttpConnection.java:168)
	... 5 common frames omitted
2018-07-05 21:23:45 - Starting Principal on CT0924NSEMPAT with PID 6708 (C:\Users\aluno\git\testeUNIPE\target\classes started by aluno in C:\Users\aluno\git\testeUNIPE)
2018-07-05 21:23:45 - No active profile set, falling back to default profiles: default
2018-07-05 21:23:45 - Refreshing org.springframework.boot.web.servlet.context.AnnotationConfigServletWebServerApplicationContext@7be78bc5: startup date [Thu Jul 05 21:23:45 BRT 2018]; root of context hierarchy
2018-07-05 21:23:49 - Tomcat initialized with port(s): 8080 (http)
2018-07-05 21:23:49 - Servlet dispatcherServlet mapped to [/]
2018-07-05 21:23:49 - Mapping filter: 'characterEncodingFilter' to: [/*]
2018-07-05 21:23:49 - Mapping filter: 'hiddenHttpMethodFilter' to: [/*]
2018-07-05 21:23:49 - Mapping filter: 'httpPutFormContentFilter' to: [/*]
2018-07-05 21:23:49 - Mapping filter: 'requestContextFilter' to: [/*]
2018-07-05 21:23:51 - Adding welcome page: class path resource [static/index.html]
2018-07-05 21:23:51 - LiveReload server is running on port 35729
2018-07-05 21:23:51 - Tomcat started on port(s): 8080 (http) with context path ''
2018-07-05 21:23:51 - Started Principal in 7.375 seconds (JVM running for 8.012)
2018-07-05 21:23:51 - *** Couldn't find a suitable DSN, Sentry operations will do nothing! See documentation: https://docs.sentry.io/clients/java/ ***
2018-07-05 21:23:51 - No 'stacktrace.app.packages' was configured, this option is highly recommended as it affects stacktrace grouping and display on Sentry. See documentation: https://docs.sentry.io/clients/java/config/#in-application-stack-frames
2018-07-05 21:23:51 - No 'stacktrace.app.packages' was configured, this option is highly recommended as it affects stacktrace grouping and display on Sentry. See documentation: https://docs.sentry.io/clients/java/config/#in-application-stack-frames
2018-07-05 21:23:51 - No 'stacktrace.app.packages' was configured, this option is highly recommended as it affects stacktrace grouping and display on Sentry. See documentation: https://docs.sentry.io/clients/java/config/#in-application-stack-frames
2018-07-05 21:23:51 - Overwriting statically stored SentryClient instance SentryClient{release='null', dist='null', environment='null', serverName='null', tags={}, mdcTags=[], extra={}, connection=io.sentry.connection.NoopConnection@787e4ef9, builderHelpers=[io.sentry.event.helper.HttpEventBuilderHelper@7804f7ff, io.sentry.event.helper.ContextBuilderHelper@4633d2e7], contextManager=io.sentry.context.ThreadLocalContextManager@f4d6d5d, uncaughtExceptionHandler=io.sentry.SentryUncaughtExceptionHandler@54ef3cb} with SentryClient{release='null', dist='null', environment='null', serverName='null', tags={}, mdcTags=[], extra={}, connection=io.sentry.connection.AsyncConnection@5aaa5792, builderHelpers=[io.sentry.event.helper.HttpEventBuilderHelper@2d602ca, io.sentry.event.helper.ContextBuilderHelper@6615a048], contextManager=io.sentry.context.ThreadLocalContextManager@1437c7ea, uncaughtExceptionHandler=io.sentry.SentryUncaughtExceptionHandler@1ca91439}.
2018-07-05 21:23:51 - *** Couldn't find a suitable DSN, Sentry operations will do nothing! See documentation: https://docs.sentry.io/clients/java/ ***
2018-07-05 21:23:51 - No 'stacktrace.app.packages' was configured, this option is highly recommended as it affects stacktrace grouping and display on Sentry. See documentation: https://docs.sentry.io/clients/java/config/#in-application-stack-frames
